2024-04-05 01:49:18,873 ERROR c.e.J.s.TelegramBot [JavaTeacherBot Telegram Executor] Ошибка при отправке информации об алгоритме
java.net.MalformedURLException: unknown protocol: v
	at java.base/java.net.URL.<init>(URL.java:779)
	at java.base/java.net.URL.<init>(URL.java:654)
	at java.base/java.net.URL.<init>(URL.java:590)
	at com.example.JavaTeacherBot.service.TelegramBot.sendSelectionSortInfo(TelegramBot.java:176)
	at com.example.JavaTeacherBot.service.TelegramBot.sendAlgorithmInfo(TelegramBot.java:132)
	at com.example.JavaTeacherBot.service.TelegramBot.onUpdateReceived(TelegramBot.java:102)
	at java.base/java.util.ArrayList.forEach(ArrayList.java:1596)
	at org.telegram.telegrambots.meta.generics.LongPollingBot.onUpdatesReceived(LongPollingBot.java:27)
	at org.telegram.telegrambots.updatesreceivers.DefaultBotSession$HandlerThread.run(DefaultBotSession.java:312)
2024-04-05 01:49:38,093 ERROR c.e.J.s.TelegramBot [JavaTeacherBot Telegram Executor] Ошибка при отправке информации об алгоритме
java.net.MalformedURLException: unknown protocol: v
	at java.base/java.net.URL.<init>(URL.java:779)
	at java.base/java.net.URL.<init>(URL.java:654)
	at java.base/java.net.URL.<init>(URL.java:590)
	at com.example.JavaTeacherBot.service.TelegramBot.sendSelectionSortInfo(TelegramBot.java:176)
	at com.example.JavaTeacherBot.service.TelegramBot.sendAlgorithmInfo(TelegramBot.java:132)
	at com.example.JavaTeacherBot.service.TelegramBot.onUpdateReceived(TelegramBot.java:102)
	at java.base/java.util.ArrayList.forEach(ArrayList.java:1596)
	at org.telegram.telegrambots.meta.generics.LongPollingBot.onUpdatesReceived(LongPollingBot.java:27)
	at org.telegram.telegrambots.updatesreceivers.DefaultBotSession$HandlerThread.run(DefaultBotSession.java:312)
